<?xml version="1.0" encoding="UTF-8"?>
<testsuite xmlns:xsi="http://www.w3.org/2001/XMLSchema-instance" xsi:noNamespaceSchemaLocation="https://maven.apache.org/surefire/maven-surefire-plugin/xsd/surefire-test-report-3.0.xsd" version="3.0" name="runner.runTest" time="38.206" tests="7" errors="0" skipped="0" failures="0">
  <properties>
[...]
</properties>
  <testcase name="Login and try to add to cart" classname="Add to Cart Product On Application" time="11.347">
    <system-out><![CDATA[
@Regression @Positive
Scenario: Login and try to add to cart                &amp#27;[90m# src/test/java/feature/login/addcart.feature:4&amp#27;[0m
  &amp#27;[32mGiven &amp#27;[0m&amp#27;[32maccess saucedemo then get login to inventorys&amp#27;[0m &amp#27;[90m# stepDef.AddCart.access_saucedemo_then_get_login_to_inventorys()&amp#27;[0m
  &amp#27;[32mWhen &amp#27;[0m&amp#27;[32mscrap all inventory item names&amp#27;[0m                 &amp#27;[90m# stepDef.AddCart.scrap_all_inventory_item_names()&amp#27;[0m
  &amp#27;[32mThen &amp#27;[0m&amp#27;[32madd to product on carts&amp#27;[0m                        &amp#27;[90m# stepDef.AddCart.add_to_product_on_carts()&amp#27;[0m
  &amp#27;[32mThen &amp#27;[0m&amp#27;[32mcheck the number on cart detail&amp#27;[0m                &amp#27;[90m# stepDef.AddCart.check_the_number_on_cart_detail()&amp#27;[0m
Number of cart items: 1
  &amp#27;[32mThen &amp#27;[0m&amp#27;[32maccess cart page and get item counts&amp#27;[0m           &amp#27;[90m# stepDef.AddCart.access_cart_page_and_get_item_counts()&amp#27;[0m
]]></system-out>
    <system-err><![CDATA[SLF4J: No SLF4J providers were found.
SLF4J: Defaulting to no-operation (NOP) logger implementation
SLF4J: See https://www.slf4j.org/codes.html#noProviders for further details.
Oct 22, 2023 11:33:16 PM org.openqa.selenium.remote.http.WebSocket$Listener onError
WARNING: Connection reset
java.net.SocketException: Connection reset
	at java.base/sun.nio.ch.SocketChannelImpl.throwConnectionReset(SocketChannelImpl.java:394)
	at java.base/sun.nio.ch.SocketChannelImpl.read(SocketChannelImpl.java:426)
	at java.net.http/jdk.internal.net.http.SocketTube.readAvailable(SocketTube.java:1170)
	at java.net.http/jdk.internal.net.http.SocketTube$InternalReadPublisher$InternalReadSubscription.read(SocketTube.java:833)
	at java.net.http/jdk.internal.net.http.SocketTube$SocketFlowTask.run(SocketTube.java:181)
	at java.net.http/jdk.internal.net.http.common.SequentialScheduler$SchedulableTask.run(SequentialScheduler.java:230)
	at java.net.http/jdk.internal.net.http.common.SequentialScheduler.runOrSchedule(SequentialScheduler.java:303)
	at java.net.http/jdk.internal.net.http.common.SequentialScheduler.runOrSchedule(SequentialScheduler.java:256)
	at java.net.http/jdk.internal.net.http.SocketTube$InternalReadPublisher$InternalReadSubscription.signalReadable(SocketTube.java:774)
	at java.net.http/jdk.internal.net.http.SocketTube$InternalReadPublisher$ReadEvent.signalEvent(SocketTube.java:957)
	at java.net.http/jdk.internal.net.http.SocketTube$SocketFlowEvent.handle(SocketTube.java:253)
	at java.net.http/jdk.internal.net.http.HttpClientImpl$SelectorManager.handleEvent(HttpClientImpl.java:979)
	at java.net.http/jdk.internal.net.http.HttpClientImpl$SelectorManager.lambda$run$3(HttpClientImpl.java:934)
	at java.base/java.util.ArrayList.forEach(ArrayList.java:1511)
	at java.net.http/jdk.internal.net.http.HttpClientImpl$SelectorManager.run(HttpClientImpl.java:934)

]]></system-err>
  </testcase>
  <testcase name="Login can checkout the items on cart" classname="Checkout Product On Application" time="5.593">
    <system-out><![CDATA[
@Regression @Positive
Scenario: Login can checkout the items on cart       &amp#27;[90m# src/test/java/feature/login/checkout.feature:4&amp#27;[0m
  &amp#27;[32mGiven &amp#27;[0m&amp#27;[32maccess saucedemo then get login to inventory&amp#27;[0m &amp#27;[90m# stepDef.Checkout.access_saucedemo_then_get_login_to_inventory()&amp#27;[0m
  &amp#27;[32mWhen &amp#27;[0m&amp#27;[32mscrap all inventory item name&amp#27;[0m                 &amp#27;[90m# stepDef.Checkout.scrap_all_inventory_item_name()&amp#27;[0m
  &amp#27;[32mThen &amp#27;[0m&amp#27;[32madd to product on cart&amp#27;[0m                        &amp#27;[90m# stepDef.Checkout.add_to_product_on_cart()&amp#27;[0m
  &amp#27;[32mThen &amp#27;[0m&amp#27;[32mcheck the number on cart details&amp#27;[0m              &amp#27;[90m# stepDef.Checkout.check_the_number_on_cart_details()&amp#27;[0m
Number of cart items: 1
  &amp#27;[32mThen &amp#27;[0m&amp#27;[32maccess cart page and get item count&amp#27;[0m           &amp#27;[90m# stepDef.Checkout.access_cart_page_and_get_item_count()&amp#27;[0m
  &amp#27;[32mThen &amp#27;[0m&amp#27;[32mclick checkout button&amp#27;[0m                         &amp#27;[90m# stepDef.Checkout.click_checkout_button()&amp#27;[0m
  &amp#27;[32mThen &amp#27;[0m&amp#27;[32mfill the form correctly&amp#27;[0m                       &amp#27;[90m# stepDef.Checkout.fill_the_form_correctly()&amp#27;[0m
  &amp#27;[32mThen &amp#27;[0m&amp#27;[32mgo to checkout step two pages&amp#27;[0m                 &amp#27;[90m# stepDef.Checkout.go_to_checkout_step_two_pages()&amp#27;[0m
  &amp#27;[32mThen &amp#27;[0m&amp#27;[32mgo to checkout complete&amp#27;[0m                       &amp#27;[90m# stepDef.Checkout.go_to_checkout_complete()&amp#27;[0m
]]></system-out>
    <system-err><![CDATA[Oct 22, 2023 11:33:22 PM org.openqa.selenium.remote.http.WebSocket$Listener onError
WARNING: Connection reset
java.net.SocketException: Connection reset
	at java.base/sun.nio.ch.SocketChannelImpl.throwConnectionReset(SocketChannelImpl.java:394)
	at java.base/sun.nio.ch.SocketChannelImpl.read(SocketChannelImpl.java:426)
	at java.net.http/jdk.internal.net.http.SocketTube.readAvailable(SocketTube.java:1170)
	at java.net.http/jdk.internal.net.http.SocketTube$InternalReadPublisher$InternalReadSubscription.read(SocketTube.java:833)
	at java.net.http/jdk.internal.net.http.SocketTube$SocketFlowTask.run(SocketTube.java:181)
	at java.net.http/jdk.internal.net.http.common.SequentialScheduler$SchedulableTask.run(SequentialScheduler.java:230)
	at java.net.http/jdk.internal.net.http.common.SequentialScheduler.runOrSchedule(SequentialScheduler.java:303)
	at java.net.http/jdk.internal.net.http.common.SequentialScheduler.runOrSchedule(SequentialScheduler.java:256)
	at java.net.http/jdk.internal.net.http.SocketTube$InternalReadPublisher$InternalReadSubscription.signalReadable(SocketTube.java:774)
	at java.net.http/jdk.internal.net.http.SocketTube$InternalReadPublisher$ReadEvent.signalEvent(SocketTube.java:957)
	at java.net.http/jdk.internal.net.http.SocketTube$SocketFlowEvent.handle(SocketTube.java:253)
	at java.net.http/jdk.internal.net.http.HttpClientImpl$SelectorManager.handleEvent(HttpClientImpl.java:979)
	at java.net.http/jdk.internal.net.http.HttpClientImpl$SelectorManager.lambda$run$3(HttpClientImpl.java:934)
	at java.base/java.util.ArrayList.forEach(ArrayList.java:1511)
	at java.net.http/jdk.internal.net.http.HttpClientImpl$SelectorManager.run(HttpClientImpl.java:934)

]]></system-err>
  </testcase>
  <testcase name="Show error when user not enter info on CO" classname="Checkout Product On Application" time="5.179">
    <system-out><![CDATA[
@Regression @Negative
Scenario: Show error when user not enter info on CO  &amp#27;[90m# src/test/java/feature/login/checkout.feature:16&amp#27;[0m
  &amp#27;[32mGiven &amp#27;[0m&amp#27;[32maccess saucedemo then get login to inventory&amp#27;[0m &amp#27;[90m# stepDef.Checkout.access_saucedemo_then_get_login_to_inventory()&amp#27;[0m
  &amp#27;[32mWhen &amp#27;[0m&amp#27;[32mscrap all inventory item name&amp#27;[0m                 &amp#27;[90m# stepDef.Checkout.scrap_all_inventory_item_name()&amp#27;[0m
  &amp#27;[32mThen &amp#27;[0m&amp#27;[32madd to product on cart&amp#27;[0m                        &amp#27;[90m# stepDef.Checkout.add_to_product_on_cart()&amp#27;[0m
  &amp#27;[32mThen &amp#27;[0m&amp#27;[32mcheck the number on cart details&amp#27;[0m              &amp#27;[90m# stepDef.Checkout.check_the_number_on_cart_details()&amp#27;[0m
Number of cart items: 1
  &amp#27;[32mThen &amp#27;[0m&amp#27;[32maccess cart page and get item count&amp#27;[0m           &amp#27;[90m# stepDef.Checkout.access_cart_page_and_get_item_count()&amp#27;[0m
  &amp#27;[32mThen &amp#27;[0m&amp#27;[32mclick checkout button&amp#27;[0m                         &amp#27;[90m# stepDef.Checkout.click_checkout_button()&amp#27;[0m
  &amp#27;[32mThen &amp#27;[0m&amp#27;[32mfill the form uncorrectly&amp#27;[0m                     &amp#27;[90m# stepDef.Checkout.fill_the_form_uncorrectly()&amp#27;[0m
  &amp#27;[32mThen &amp#27;[0m&amp#27;[32mshow error require&amp#27;[0m                            &amp#27;[90m# stepDef.Checkout.show_error_require()&amp#27;[0m
]]></system-out>
    <system-err><![CDATA[Oct 22, 2023 11:33:27 PM org.openqa.selenium.remote.http.WebSocket$Listener onError
WARNING: Connection reset
java.net.SocketException: Connection reset
	at java.base/sun.nio.ch.SocketChannelImpl.throwConnectionReset(SocketChannelImpl.java:394)
	at java.base/sun.nio.ch.SocketChannelImpl.read(SocketChannelImpl.java:426)
	at java.net.http/jdk.internal.net.http.SocketTube.readAvailable(SocketTube.java:1170)
	at java.net.http/jdk.internal.net.http.SocketTube$InternalReadPublisher$InternalReadSubscription.read(SocketTube.java:833)
	at java.net.http/jdk.internal.net.http.SocketTube$SocketFlowTask.run(SocketTube.java:181)
	at java.net.http/jdk.internal.net.http.common.SequentialScheduler$SchedulableTask.run(SequentialScheduler.java:230)
	at java.net.http/jdk.internal.net.http.common.SequentialScheduler.runOrSchedule(SequentialScheduler.java:303)
	at java.net.http/jdk.internal.net.http.common.SequentialScheduler.runOrSchedule(SequentialScheduler.java:256)
	at java.net.http/jdk.internal.net.http.SocketTube$InternalReadPublisher$InternalReadSubscription.signalReadable(SocketTube.java:774)
	at java.net.http/jdk.internal.net.http.SocketTube$InternalReadPublisher$ReadEvent.signalEvent(SocketTube.java:957)
	at java.net.http/jdk.internal.net.http.SocketTube$SocketFlowEvent.handle(SocketTube.java:253)
	at java.net.http/jdk.internal.net.http.HttpClientImpl$SelectorManager.handleEvent(HttpClientImpl.java:979)
	at java.net.http/jdk.internal.net.http.HttpClientImpl$SelectorManager.lambda$run$3(HttpClientImpl.java:934)
	at java.base/java.util.ArrayList.forEach(ArrayList.java:1511)
	at java.net.http/jdk.internal.net.http.HttpClientImpl$SelectorManager.run(HttpClientImpl.java:934)

]]></system-err>
  </testcase>
  <testcase name="Login to saucedemo.com as valid users" classname="Log in in the application" time="4.927">
    <system-out><![CDATA[
@Regression @Positive
Scenario: Login to saucedemo.com as valid users &amp#27;[90m# src/test/java/feature/login/login.feature:4&amp#27;[0m
Swag Labs
  &amp#27;[32mGiven &amp#27;[0m&amp#27;[32maccess saucedemo&amp#27;[0m                        &amp#27;[90m# stepDef.Login.access_saucedemo()&amp#27;[0m
  &amp#27;[32mWhen &amp#27;[0m&amp#27;[32muser enter right username and password&amp#27;[0m   &amp#27;[90m# stepDef.Login.user_enter_right_username_and_password()&amp#27;[0m
  &amp#27;[32mThen &amp#27;[0m&amp#27;[32mclick login button&amp#27;[0m                       &amp#27;[90m# stepDef.Login.click_login_button()&amp#27;[0m
  &amp#27;[32mThen &amp#27;[0m&amp#27;[32mhome page will be displayed&amp#27;[0m              &amp#27;[90m# stepDef.Login.home_page_will_be_displayed()&amp#27;[0m
]]></system-out>
  </testcase>
  <testcase name="Login to saucedemo.com as invalid users" classname="Log in in the application" time="3.953">
    <system-out><![CDATA[
@Regression @Negative
Scenario: Login to saucedemo.com as invalid users       &amp#27;[90m# src/test/java/feature/login/login.feature:11&amp#27;[0m
Swag Labs
  &amp#27;[32mGiven &amp#27;[0m&amp#27;[32maccess saucedemo&amp#27;[0m                                &amp#27;[90m# stepDef.Login.access_saucedemo()&amp#27;[0m
  &amp#27;[32mWhen &amp#27;[0m&amp#27;[32mUser have no right validation and enter the form&amp#27;[0m &amp#27;[90m# stepDef.Login.User_have_no_right_validation_and_enter_the_form()&amp#27;[0m
  &amp#27;[32mThen &amp#27;[0m&amp#27;[32mclick login button&amp#27;[0m                               &amp#27;[90m# stepDef.Login.click_login_button()&amp#27;[0m
  &amp#27;[32mThen &amp#27;[0m&amp#27;[32mWill be error message validation&amp#27;[0m                 &amp#27;[90m# stepDef.Login.Will_be_error_message_validation()&amp#27;[0m
]]></system-out>
    <system-err><![CDATA[Oct 22, 2023 11:33:36 PM org.openqa.selenium.remote.http.WebSocket$Listener onError
WARNING: Connection reset
java.net.SocketException: Connection reset
	at java.base/sun.nio.ch.SocketChannelImpl.throwConnectionReset(SocketChannelImpl.java:394)
	at java.base/sun.nio.ch.SocketChannelImpl.read(SocketChannelImpl.java:426)
	at java.net.http/jdk.internal.net.http.SocketTube.readAvailable(SocketTube.java:1170)
	at java.net.http/jdk.internal.net.http.SocketTube$InternalReadPublisher$InternalReadSubscription.read(SocketTube.java:833)
	at java.net.http/jdk.internal.net.http.SocketTube$SocketFlowTask.run(SocketTube.java:181)
	at java.net.http/jdk.internal.net.http.common.SequentialScheduler$SchedulableTask.run(SequentialScheduler.java:230)
	at java.net.http/jdk.internal.net.http.common.SequentialScheduler.runOrSchedule(SequentialScheduler.java:303)
	at java.net.http/jdk.internal.net.http.common.SequentialScheduler.runOrSchedule(SequentialScheduler.java:256)
	at java.net.http/jdk.internal.net.http.SocketTube$InternalReadPublisher$InternalReadSubscription.signalReadable(SocketTube.java:774)
	at java.net.http/jdk.internal.net.http.SocketTube$InternalReadPublisher$ReadEvent.signalEvent(SocketTube.java:957)
	at java.net.http/jdk.internal.net.http.SocketTube$SocketFlowEvent.handle(SocketTube.java:253)
	at java.net.http/jdk.internal.net.http.HttpClientImpl$SelectorManager.handleEvent(HttpClientImpl.java:979)
	at java.net.http/jdk.internal.net.http.HttpClientImpl$SelectorManager.lambda$run$3(HttpClientImpl.java:934)
	at java.base/java.util.ArrayList.forEach(ArrayList.java:1511)
	at java.net.http/jdk.internal.net.http.HttpClientImpl$SelectorManager.run(HttpClientImpl.java:934)

]]></system-err>
  </testcase>
  <testcase name="Login without fill the form" classname="Log in in the application" time="3.308">
    <system-out><![CDATA[
@Regression @Negative
Scenario: Login without fill the form                 &amp#27;[90m# src/test/java/feature/login/login.feature:18&amp#27;[0m
Swag Labs
  &amp#27;[32mGiven &amp#27;[0m&amp#27;[32maccess saucedemo&amp#27;[0m                              &amp#27;[90m# stepDef.Login.access_saucedemo()&amp#27;[0m
  &amp#27;[32mThen &amp#27;[0m&amp#27;[32mclick login button&amp#27;[0m                             &amp#27;[90m# stepDef.Login.click_login_button()&amp#27;[0m
  &amp#27;[32mThen &amp#27;[0m&amp#27;[32mwill be show error message to require the form&amp#27;[0m &amp#27;[90m# stepDef.Login.will_be_show_error_message_to_require_the_form()&amp#27;[0m
]]></system-out>
  </testcase>
  <testcase name="Sorting item on Inventory Page" classname="Sorting Product On Application" time="3.466">
    <system-out><![CDATA[
@Regression @Positive
Scenario: Sorting item on Inventory Page                             &amp#27;[90m# src/test/java/feature/login/sorting.feature:4&amp#27;[0m
  &amp#27;[32mGiven &amp#27;[0m&amp#27;[32maccess saucedemo then get login in inventory&amp#27;[0m                 &amp#27;[90m# stepDef.Sorting.access_saucedemo_then_get_login_in_inventory()&amp#27;[0m
  &amp#27;[32mWhen &amp#27;[0m&amp#27;[32mscrap inventory items name&amp#27;[0m                                    &amp#27;[90m# stepDef.Sorting.scrap_inventory_items_name()&amp#27;[0m
  &amp#27;[32mThen &amp#27;[0m&amp#27;[32mchange sorting z to a and get desc item by alphabet correctly&amp#27;[0m &amp#27;[90m# stepDef.Sorting.change_sorting_z_to_a_and_get_desc_item_by_alphabet_correctly()&amp#27;[0m
]]></system-out>
    <system-err><![CDATA[Oct 22, 2023 11:33:43 PM org.openqa.selenium.remote.http.WebSocket$Listener onError
WARNING: Connection reset
java.net.SocketException: Connection reset
	at java.base/sun.nio.ch.SocketChannelImpl.throwConnectionReset(SocketChannelImpl.java:394)
	at java.base/sun.nio.ch.SocketChannelImpl.read(SocketChannelImpl.java:426)
	at java.net.http/jdk.internal.net.http.SocketTube.readAvailable(SocketTube.java:1170)
	at java.net.http/jdk.internal.net.http.SocketTube$InternalReadPublisher$InternalReadSubscription.read(SocketTube.java:833)
	at java.net.http/jdk.internal.net.http.SocketTube$SocketFlowTask.run(SocketTube.java:181)
	at java.net.http/jdk.internal.net.http.common.SequentialScheduler$SchedulableTask.run(SequentialScheduler.java:230)
	at java.net.http/jdk.internal.net.http.common.SequentialScheduler.runOrSchedule(SequentialScheduler.java:303)
	at java.net.http/jdk.internal.net.http.common.SequentialScheduler.runOrSchedule(SequentialScheduler.java:256)
	at java.net.http/jdk.internal.net.http.SocketTube$InternalReadPublisher$InternalReadSubscription.signalReadable(SocketTube.java:774)
	at java.net.http/jdk.internal.net.http.SocketTube$InternalReadPublisher$ReadEvent.signalEvent(SocketTube.java:957)
	at java.net.http/jdk.internal.net.http.SocketTube$SocketFlowEvent.handle(SocketTube.java:253)
	at java.net.http/jdk.internal.net.http.HttpClientImpl$SelectorManager.handleEvent(HttpClientImpl.java:979)
	at java.net.http/jdk.internal.net.http.HttpClientImpl$SelectorManager.lambda$run$3(HttpClientImpl.java:934)
	at java.base/java.util.ArrayList.forEach(ArrayList.java:1511)
	at java.net.http/jdk.internal.net.http.HttpClientImpl$SelectorManager.run(HttpClientImpl.java:934)

]]></system-err>
  </testcase>
</testsuite>